10:21:12 **** Incremental Build of configuration Debug for project 08-LCD_Driver ****
make all 
Building file: ../LCD_Program.c
Invoking: AVR Compiler
avr-gcc -Wall -g2 -gstabs -O0 -fpack-struct -fshort-enums -ffunction-sections -fdata-sections -std=gnu99 -funsigned-char -funsigned-bitfields -mmcu=atmega32 -DF_CPU=8000000UL -MMD -MP -MF"LCD_Program.d" -MT"LCD_Program.o" -c -o "LCD_Program.o" "../LCD_Program.c"
../LCD_Program.c:3:1: warning: "F_CPU" redefined
<command-line>: warning: this is the location of the previous definition
In file included from ../LCD_Program.c:4:
e:/imt_school/material/after lec 10/es_concepts/imt_sdk_win_64/winavr/lib/gcc/../../avr/include/avr/delay.h:36:2: warning: #warning "This file has been moved to <util/delay.h>."
In file included from e:/imt_school/material/after lec 10/es_concepts/imt_sdk_win_64/winavr/lib/gcc/../../avr/include/avr/delay.h:37,
                 from ../LCD_Program.c:4:
e:/imt_school/material/after lec 10/es_concepts/imt_sdk_win_64/winavr/lib/gcc/../../avr/include/util/delay.h:90:3: warning: #warning "Compiler optimizations disabled; functions from <util/delay.h> won't work as designed"
In file included from ../LCD_Program.c:8:
../LCD_Interface.h:9: warning: data definition has no type or storage class
../LCD_Interface.h:9: warning: type defaults to 'int' in declaration of 'reverse'
../LCD_Program.c: In function 'LCD_WRITE_POS':
../LCD_Program.c:46: warning: unused variable 'frist_element'
../LCD_Program.c:85: warning: control reaches end of non-void function
../LCD_Program.c: In function 'LCD_WRITE_num':
../LCD_Program.c:94: warning: statement with no effect
../LCD_Program.c:111: warning: control reaches end of non-void function
../LCD_Program.c: At top level:
../LCD_Program.c:113: warning: return type defaults to 'int'
../LCD_Program.c: In function 'reverse':
../LCD_Program.c:122: warning: control reaches end of non-void function
Finished building: ../LCD_Program.c
 
Building target: 08-LCD_Driver.elf
Invoking: AVR C Linker
avr-gcc -Wl,-Map,08-LCD_Driver.map -mmcu=atmega32 -o "08-LCD_Driver.elf"  ./DIO_Program.o ./LCD_Program.o ./main.o   
Finished building target: 08-LCD_Driver.elf
 
Invoking: AVR Create Extended Listing
avr-objdump -h -S 08-LCD_Driver.elf  >"08-LCD_Driver.lss"
Finished building: 08-LCD_Driver.lss
 
Create Flash image (ihex format)
avr-objcopy -R .eeprom -R .fuse -R .lock -R .signature -O ihex 08-LCD_Driver.elf  "08-LCD_Driver.hex"
Finished building: 08-LCD_Driver.hex
 
Invoking: Print Size
avr-size --format=avr --mcu=atmega32 08-LCD_Driver.elf
AVR Memory Usage
----------------
Device: atmega32

Program:    7872 bytes (24.0% Full)
(.text + .data + .bootloader)

Data:         20 bytes (1.0% Full)
(.data + .bss + .noinit)


Finished building: sizedummy
 

10:21:12 Build Finished (took 844ms)

