19:38:55 **** Incremental Build of configuration Debug for project ADC_DRIVER ****
make all 
Building file: ../ADC_PROGRAM.c
Invoking: AVR Compiler
avr-gcc -Wall -g2 -gstabs -O0 -fpack-struct -fshort-enums -ffunction-sections -fdata-sections -std=gnu99 -funsigned-char -funsigned-bitfields -mmcu=atmega32 -DF_CPU=8000000UL -MMD -MP -MF"ADC_PROGRAM.d" -MT"ADC_PROGRAM.o" -c -o "ADC_PROGRAM.o" "../ADC_PROGRAM.c"
Finished building: ../ADC_PROGRAM.c
 
Building file: ../main.c
Invoking: AVR Compiler
avr-gcc -Wall -g2 -gstabs -O0 -fpack-struct -fshort-enums -ffunction-sections -fdata-sections -std=gnu99 -funsigned-char -funsigned-bitfields -mmcu=atmega32 -DF_CPU=8000000UL -MMD -MP -MF"main.d" -MT"main.o" -c -o "main.o" "../main.c"
../main.c:11:1: warning: "F_CPU" redefined
<command-line>: warning: this is the location of the previous definition
In file included from ../main.c:12:
e:/imt_school/material/after lec 10/es_concepts/imt_sdk_win_64/winavr/lib/gcc/../../avr/include/avr/delay.h:36:2: warning: #warning "This file has been moved to <util/delay.h>."
In file included from e:/imt_school/material/after lec 10/es_concepts/imt_sdk_win_64/winavr/lib/gcc/../../avr/include/avr/delay.h:37,
                 from ../main.c:12:
e:/imt_school/material/after lec 10/es_concepts/imt_sdk_win_64/winavr/lib/gcc/../../avr/include/util/delay.h:90:3: warning: #warning "Compiler optimizations disabled; functions from <util/delay.h> won't work as designed"
../main.c:21: warning: return type of 'main' is not 'int'
Finished building: ../main.c
 
Building target: ADC_DRIVER.elf
Invoking: AVR C Linker
avr-gcc -Wl,-Map,ADC_DRIVER.map -mmcu=atmega32 -o "ADC_DRIVER.elf"  ./ADC_PROGRAM.o ./DIO_Program.o ./LCD_Program.o ./kpd_program.o ./main.o   
Finished building target: ADC_DRIVER.elf
 
Invoking: AVR Create Extended Listing
avr-objdump -h -S ADC_DRIVER.elf  >"ADC_DRIVER.lss"
Finished building: ADC_DRIVER.lss
 
Create Flash image (ihex format)
avr-objcopy -R .eeprom -R .fuse -R .lock -R .signature -O ihex ADC_DRIVER.elf  "ADC_DRIVER.hex"
Finished building: ADC_DRIVER.hex
 
Invoking: Print Size
avr-size --format=avr --mcu=atmega32 ADC_DRIVER.elf
AVR Memory Usage
----------------
Device: atmega32

Program:   11026 bytes (33.6% Full)
(.text + .data + .bootloader)

Data:        296 bytes (14.5% Full)
(.data + .bss + .noinit)


Finished building: sizedummy
 

19:38:56 Build Finished (took 817ms)

