01:06:15 **** Incremental Build of configuration Debug for project calculatar ****
make all 
Building file: ../main.c
Invoking: AVR Compiler
avr-gcc -Wall -g2 -gstabs -O0 -fpack-struct -fshort-enums -ffunction-sections -fdata-sections -std=gnu99 -funsigned-char -funsigned-bitfields -mmcu=atmega32 -DF_CPU=8000000UL -MMD -MP -MF"main.d" -MT"main.o" -c -o "main.o" "../main.c"
../main.c:11:1: warning: "F_CPU" redefined
<command-line>: warning: this is the location of the previous definition
In file included from ../main.c:12:
e:/imt_school/material/after lec 10/es_concepts/imt_sdk_win_64/winavr/lib/gcc/../../avr/include/avr/delay.h:36:2: warning: #warning "This file has been moved to <util/delay.h>."
In file included from e:/imt_school/material/after lec 10/es_concepts/imt_sdk_win_64/winavr/lib/gcc/../../avr/include/avr/delay.h:37,
                 from ../main.c:12:
e:/imt_school/material/after lec 10/es_concepts/imt_sdk_win_64/winavr/lib/gcc/../../avr/include/util/delay.h:90:3: warning: #warning "Compiler optimizations disabled; functions from <util/delay.h> won't work as designed"
../main.c:21: warning: return type of 'main' is not 'int'
../main.c: In function 'main':
../main.c:22: warning: unused variable 'answer'
../main.c:22: warning: unused variable 'equel'
../main.c:22: warning: unused variable 'frist_sec_num'
../main.c:22: warning: unused variable 'operation'
../main.c:22: warning: unused variable 'num2'
../main.c:22: warning: unused variable 'num1'
../main.c:65:2: warning: "/*" within comment
Finished building: ../main.c
 
Building target: calculatar.elf
Invoking: AVR C Linker
avr-gcc -Wl,-Map,calculatar.map -mmcu=atmega32 -o "calculatar.elf"  ./DIO_Program.o ./LCD_Program.o ./kpd_program.o ./main.o   
Finished building target: calculatar.elf
 
Invoking: AVR Create Extended Listing
avr-objdump -h -S calculatar.elf  >"calculatar.lss"
Finished building: calculatar.lss
 
Create Flash image (ihex format)
avr-objcopy -R .eeprom -R .fuse -R .lock -R .signature -O ihex calculatar.elf  "calculatar.hex"
Finished building: calculatar.hex
 
Invoking: Print Size
avr-size --format=avr --mcu=atmega32 calculatar.elf
AVR Memory Usage
----------------
Device: atmega32

Program:    9824 bytes (30.0% Full)
(.text + .data + .bootloader)

Data:         40 bytes (2.0% Full)
(.data + .bss + .noinit)


Finished building: sizedummy
 

01:06:17 Build Finished (took 2s.340ms)

