00:58:26 **** Incremental Build of configuration Debug for project dc_motor ****
make all 
Building file: ../main.c
Invoking: AVR Compiler
avr-gcc -Wall -g2 -gstabs -O0 -fpack-struct -fshort-enums -ffunction-sections -fdata-sections -std=gnu99 -funsigned-char -funsigned-bitfields -mmcu=atmega32 -DF_CPU=8000000UL -MMD -MP -MF"main.d" -MT"main.o" -c -o "main.o" "../main.c"
../main.c:11:1: warning: "F_CPU" redefined
<command-line>: warning: this is the location of the previous definition
In file included from ../main.c:12:
e:/imt_school/material/after lec 10/es_concepts/imt_sdk_win_64/winavr/lib/gcc/../../avr/include/avr/delay.h:36:2: warning: #warning "This file has been moved to <util/delay.h>."
In file included from e:/imt_school/material/after lec 10/es_concepts/imt_sdk_win_64/winavr/lib/gcc/../../avr/include/avr/delay.h:37,
                 from ../main.c:12:
e:/imt_school/material/after lec 10/es_concepts/imt_sdk_win_64/winavr/lib/gcc/../../avr/include/util/delay.h:90:3: warning: #warning "Compiler optimizations disabled; functions from <util/delay.h> won't work as designed"
../main.c:20: warning: return type of 'main' is not 'int'
../main.c: In function 'main':
../main.c:32: warning: implicit declaration of function 'kpd_pressed_key'
Finished building: ../main.c
 
Building target: dc_motor.elf
Invoking: AVR C Linker
avr-gcc -Wl,-Map,dc_motor.map -mmcu=atmega32 -o "dc_motor.elf"  ./DIO_Program.o ./LCD_Program.o ./kpd_program.o ./main.o   
./main.o: In function `main':
../main.c:32: undefined reference to `kpd_pressed_key'
make: *** [dc_motor.elf] Error 1

00:58:27 Build Finished (took 1s.194ms)

