19:40:44 **** Incremental Build of configuration Debug for project free_rtos_lab2 ****
make all 
Building file: ../main.c
Invoking: AVR Compiler
avr-gcc -Wall -g2 -gstabs -O0 -fpack-struct -fshort-enums -ffunction-sections -fdata-sections -std=gnu99 -funsigned-char -funsigned-bitfields -mmcu=atmega32 -DF_CPU=8000000UL -MMD -MP -MF"main.d" -MT"main.o" -c -o "main.o" "../main.c"
../main.c:59: warning: return type of 'main' is not 'int'
Finished building: ../main.c
 
Building target: free_rtos_lab2.elf
Invoking: AVR C Linker
avr-gcc -Wl,-Map,free_rtos_lab2.map -mmcu=atmega32 -o "free_rtos_lab2.elf"  ./DIO_program.o ./croutine.o ./event_groups.o ./heap_1.o ./list.o ./main.o ./port.o ./queue.o ./tasks.o ./timers.o   
Finished building target: free_rtos_lab2.elf
 
Invoking: AVR Create Extended Listing
avr-objdump -h -S free_rtos_lab2.elf  >"free_rtos_lab2.lss"
Finished building: free_rtos_lab2.lss
 
Create Flash image (ihex format)
avr-objcopy -R .eeprom -R .fuse -R .lock -R .signature -O ihex free_rtos_lab2.elf  "free_rtos_lab2.hex"
Finished building: free_rtos_lab2.hex
 
Invoking: Print Size
avr-size --format=avr --mcu=atmega32 free_rtos_lab2.elf
AVR Memory Usage
----------------
Device: atmega32

Program:   15804 bytes (48.2% Full)
(.text + .data + .bootloader)

Data:        720 bytes (35.2% Full)
(.data + .bss + .noinit)


Finished building: sizedummy
 

19:40:46 Build Finished (took 1s.480ms)

