19:28:29 **** Incremental Build of configuration Debug for project LCD ****
make all 
Building file: ../LCD_PROGRAM.c
Invoking: AVR Compiler
avr-gcc -Wall -g2 -gstabs -O0 -fpack-struct -fshort-enums -ffunction-sections -fdata-sections -std=gnu99 -funsigned-char -funsigned-bitfields -mmcu=atmega32 -DF_CPU=8000000UL -MMD -MP -MF"LCD_PROGRAM.d" -MT"LCD_PROGRAM.o" -c -o "LCD_PROGRAM.o" "../LCD_PROGRAM.c"
../LCD_PROGRAM.c:9:1: warning: "F_CPU" redefined
<command-line>: warning: this is the location of the previous definition
In file included from ../LCD_PROGRAM.c:10:
e:/imt_school/material/after lec 10/es_concepts/imt_sdk_win_64/winavr/lib/gcc/../../avr/include/avr/delay.h:36:2: warning: #warning "This file has been moved to <util/delay.h>."
In file included from e:/imt_school/material/after lec 10/es_concepts/imt_sdk_win_64/winavr/lib/gcc/../../avr/include/avr/delay.h:37,
                 from ../LCD_PROGRAM.c:10:
e:/imt_school/material/after lec 10/es_concepts/imt_sdk_win_64/winavr/lib/gcc/../../avr/include/util/delay.h:90:3: warning: #warning "Compiler optimizations disabled; functions from <util/delay.h> won't work as designed"
Finished building: ../LCD_PROGRAM.c
 
Building target: LCD.elf
Invoking: AVR C Linker
avr-gcc -Wl,-Map,LCD.map -mmcu=atmega32 -o "LCD.elf"  ./DIO_program.o ./LCD_PROGRAM.o ./main.o   
Finished building target: LCD.elf
 
Invoking: AVR Create Extended Listing
avr-objdump -h -S LCD.elf  >"LCD.lss"
Finished building: LCD.lss
 
Create Flash image (ihex format)
avr-objcopy -R .eeprom -R .fuse -R .lock -R .signature -O ihex LCD.elf  "LCD.hex"
Finished building: LCD.hex
 
Invoking: Print Size
avr-size --format=avr --mcu=atmega32 LCD.elf
AVR Memory Usage
----------------
Device: atmega32

Program:    7482 bytes (22.8% Full)
(.text + .data + .bootloader)

Data:          8 bytes (0.4% Full)
(.data + .bss + .noinit)


Finished building: sizedummy
 

19:28:31 Build Finished (took 1s.959ms)

