17:08:17 **** Incremental Build of configuration Debug for project LedBlink ****
make all 
Building file: ../main.c
Invoking: AVR Compiler
avr-gcc -Wall -g2 -gstabs -O0 -fpack-struct -fshort-enums -ffunction-sections -fdata-sections -std=gnu99 -funsigned-char -funsigned-bitfields -mmcu=atmega32 -DF_CPU=8000000UL -MMD -MP -MF"main.d" -MT"main.o" -c -o "main.o" "../main.c"
In file included from ../main.c:8:
e:/imt_school/material/after lec 10/es_concepts/imt_sdk_win_64/winavr/lib/gcc/../../avr/include/avr/delay.h:36:2: warning: #warning "This file has been moved to <util/delay.h>."
In file included from e:/imt_school/material/after lec 10/es_concepts/imt_sdk_win_64/winavr/lib/gcc/../../avr/include/avr/delay.h:37,
                 from ../main.c:8:
e:/imt_school/material/after lec 10/es_concepts/imt_sdk_win_64/winavr/lib/gcc/../../avr/include/util/delay.h:90:3: warning: #warning "Compiler optimizations disabled; functions from <util/delay.h> won't work as designed"
../main.c:11: warning: return type of 'main' is not 'int'
Finished building: ../main.c
 
Building target: LedBlink.elf
Invoking: AVR C Linker
avr-gcc -Wl,-Map,LedBlink.map -mmcu=atmega32 -o "LedBlink.elf"  ./main.o   
Finished building target: LedBlink.elf
 
Invoking: AVR Create Extended Listing
avr-objdump -h -S LedBlink.elf  >"LedBlink.lss"
Finished building: LedBlink.lss
 
Create Flash image (ihex format)
avr-objcopy -R .eeprom -R .fuse -R .lock -R .signature -O ihex LedBlink.elf  "LedBlink.hex"
Finished building: LedBlink.hex
 
Invoking: Print Size
avr-size --format=avr --mcu=atmega32 LedBlink.elf
AVR Memory Usage
----------------
Device: atmega32

Program:    3500 bytes (10.7% Full)
(.text + .data + .bootloader)

Data:          8 bytes (0.4% Full)
(.data + .bss + .noinit)


Finished building: sizedummy
 

17:08:18 Build Finished (took 687ms)

