23:47:48 **** Incremental Build of configuration Debug for project leds_Converging ****
make all 
Building file: ../main.c
Invoking: AVR Compiler
avr-gcc -Wall -g2 -gstabs -O0 -fpack-struct -fshort-enums -ffunction-sections -fdata-sections -std=gnu99 -funsigned-char -funsigned-bitfields -mmcu=atmega32 -DF_CPU=8000000UL -MMD -MP -MF"main.d" -MT"main.o" -c -o "main.o" "../main.c"
In file included from ../main.c:8:
e:/imt_school/material/after lec 10/es_concepts/imt_sdk_win_64/winavr/lib/gcc/../../avr/include/avr/delay.h:36:2: warning: #warning "This file has been moved to <util/delay.h>."
In file included from e:/imt_school/material/after lec 10/es_concepts/imt_sdk_win_64/winavr/lib/gcc/../../avr/include/avr/delay.h:37,
                 from ../main.c:8:
e:/imt_school/material/after lec 10/es_concepts/imt_sdk_win_64/winavr/lib/gcc/../../avr/include/util/delay.h:90:3: warning: #warning "Compiler optimizations disabled; functions from <util/delay.h> won't work as designed"
../main.c:10: warning: return type of 'main' is not 'int'
Finished building: ../main.c
 
Building target: leds_Converging.elf
Invoking: AVR C Linker
avr-gcc -Wl,-Map,leds_Converging.map -mmcu=atmega32 -o "leds_Converging.elf"  ./main.o   
Finished building target: leds_Converging.elf
 
Invoking: AVR Create Extended Listing
avr-objdump -h -S leds_Converging.elf  >"leds_Converging.lss"
Finished building: leds_Converging.lss
 
Create Flash image (ihex format)
avr-objcopy -R .eeprom -R .fuse -R .lock -R .signature -O ihex leds_Converging.elf  "leds_Converging.hex"
Finished building: leds_Converging.hex
 
Invoking: Print Size
avr-size --format=avr --mcu=atmega32 leds_Converging.elf
AVR Memory Usage
----------------
Device: atmega32

Program:    3334 bytes (10.2% Full)
(.text + .data + .bootloader)

Data:          8 bytes (0.4% Full)
(.data + .bss + .noinit)


Finished building: sizedummy
 

23:47:49 Build Finished (took 610ms)

