18:45:59 **** Incremental Build of configuration Debug for project RTOS_DRIVER ****
make all 
Building file: ../RTOS_PROGRAM.c
Invoking: AVR Compiler
avr-gcc -Wall -g2 -gstabs -O0 -fpack-struct -fshort-enums -ffunction-sections -fdata-sections -std=gnu99 -funsigned-char -funsigned-bitfields -mmcu=atmega32 -DF_CPU=8000000UL -MMD -MP -MF"RTOS_PROGRAM.d" -MT"RTOS_PROGRAM.o" -c -o "RTOS_PROGRAM.o" "../RTOS_PROGRAM.c"
Finished building: ../RTOS_PROGRAM.c
 
Building file: ../main.c
Invoking: AVR Compiler
avr-gcc -Wall -g2 -gstabs -O0 -fpack-struct -fshort-enums -ffunction-sections -fdata-sections -std=gnu99 -funsigned-char -funsigned-bitfields -mmcu=atmega32 -DF_CPU=8000000UL -MMD -MP -MF"main.d" -MT"main.o" -c -o "main.o" "../main.c"
../main.c:11:1: warning: "F_CPU" redefined
<command-line>: warning: this is the location of the previous definition
In file included from ../main.c:12:
e:/imt_school/material/after lec 10/es_concepts/imt_sdk_win_64/winavr/lib/gcc/../../avr/include/avr/delay.h:36:2: warning: #warning "This file has been moved to <util/delay.h>."
In file included from e:/imt_school/material/after lec 10/es_concepts/imt_sdk_win_64/winavr/lib/gcc/../../avr/include/avr/delay.h:37,
                 from ../main.c:12:
e:/imt_school/material/after lec 10/es_concepts/imt_sdk_win_64/winavr/lib/gcc/../../avr/include/util/delay.h:90:3: warning: #warning "Compiler optimizations disabled; functions from <util/delay.h> won't work as designed"
../main.c:65: warning: return type of 'main' is not 'int'
Finished building: ../main.c
 
Building target: RTOS_DRIVER.elf
Invoking: AVR C Linker
avr-gcc -Wl,-Map,RTOS_DRIVER.map -mmcu=atmega32 -o "RTOS_DRIVER.elf"  ./DIO_Program.o ./LCD_Program.o ./RTOS_PROGRAM.o ./main.o   
Finished building target: RTOS_DRIVER.elf
 
Invoking: AVR Create Extended Listing
avr-objdump -h -S RTOS_DRIVER.elf  >"RTOS_DRIVER.lss"
Finished building: RTOS_DRIVER.lss
 
Create Flash image (ihex format)
avr-objcopy -R .eeprom -R .fuse -R .lock -R .signature -O ihex RTOS_DRIVER.elf  "RTOS_DRIVER.hex"
Finished building: RTOS_DRIVER.hex
 
Invoking: Print Size
avr-size --format=avr --mcu=atmega32 RTOS_DRIVER.elf
AVR Memory Usage
----------------
Device: atmega32

Program:    9166 bytes (28.0% Full)
(.text + .data + .bootloader)

Data:         24 bytes (1.2% Full)
(.data + .bss + .noinit)


Finished building: sizedummy
 

18:46:01 Build Finished (took 2s.231ms)

