16:04:51 **** Incremental Build of configuration Debug for project seven_segment_one_port ****
make all 
Building file: ../main.c
Invoking: AVR Compiler
avr-gcc -Wall -g2 -gstabs -O0 -fpack-struct -fshort-enums -ffunction-sections -fdata-sections -std=gnu99 -funsigned-char -funsigned-bitfields -mmcu=atmega32 -DF_CPU=8000000UL -MMD -MP -MF"main.d" -MT"main.o" -c -o "main.o" "../main.c"
../main.c:8:1: warning: "F_CPU" redefined
<command-line>: warning: this is the location of the previous definition
In file included from ../main.c:9:
e:/imt_school/material/after lec 10/es_concepts/imt_sdk_win_64/winavr/lib/gcc/../../avr/include/avr/delay.h:36:2: warning: #warning "This file has been moved to <util/delay.h>."
In file included from e:/imt_school/material/after lec 10/es_concepts/imt_sdk_win_64/winavr/lib/gcc/../../avr/include/avr/delay.h:37,
                 from ../main.c:9:
e:/imt_school/material/after lec 10/es_concepts/imt_sdk_win_64/winavr/lib/gcc/../../avr/include/util/delay.h:90:3: warning: #warning "Compiler optimizations disabled; functions from <util/delay.h> won't work as designed"
../main.c:11: warning: return type of 'main' is not 'int'
../main.c: In function 'main':
../main.c:21: warning: array subscript has type 'char'
Finished building: ../main.c
 
Building target: seven_segment_one_port.elf
Invoking: AVR C Linker
avr-gcc -Wl,-Map,seven_segment_one_port.map -mmcu=atmega32 -o "seven_segment_one_port.elf"  ./main.o   
Finished building target: seven_segment_one_port.elf
 
Invoking: AVR Create Extended Listing
avr-objdump -h -S seven_segment_one_port.elf  >"seven_segment_one_port.lss"
Finished building: seven_segment_one_port.lss
 
Create Flash image (ihex format)
avr-objcopy -R .eeprom -R .fuse -R .lock -R .signature -O ihex seven_segment_one_port.elf  "seven_segment_one_port.hex"
Finished building: seven_segment_one_port.hex
 
Invoking: Print Size
avr-size --format=avr --mcu=atmega32 seven_segment_one_port.elf
AVR Memory Usage
----------------
Device: atmega32

Program:    3664 bytes (11.2% Full)
(.text + .data + .bootloader)

Data:         18 bytes (0.9% Full)
(.data + .bss + .noinit)


Finished building: sizedummy
 

16:04:52 Build Finished (took 610ms)

