20:32:46 **** Incremental Build of configuration Debug for project steper_motor ****
make all 
Building file: ../main.c
Invoking: AVR Compiler
avr-gcc -Wall -g2 -gstabs -O0 -fpack-struct -fshort-enums -ffunction-sections -fdata-sections -std=gnu99 -funsigned-char -funsigned-bitfields -mmcu=atmega32 -DF_CPU=8000000UL -MMD -MP -MF"main.d" -MT"main.o" -c -o "main.o" "../main.c"
../main.c:10:1: warning: "F_CPU" redefined
<command-line>: warning: this is the location of the previous definition
In file included from ../main.c:11:
e:/imt_school/material/after lec 10/es_concepts/imt_sdk_win_64/winavr/lib/gcc/../../avr/include/avr/delay.h:36:2: warning: #warning "This file has been moved to <util/delay.h>."
In file included from e:/imt_school/material/after lec 10/es_concepts/imt_sdk_win_64/winavr/lib/gcc/../../avr/include/avr/delay.h:37,
                 from ../main.c:11:
e:/imt_school/material/after lec 10/es_concepts/imt_sdk_win_64/winavr/lib/gcc/../../avr/include/util/delay.h:90:3: warning: #warning "Compiler optimizations disabled; functions from <util/delay.h> won't work as designed"
../main.c:15: warning: return type of 'main' is not 'int'
Finished building: ../main.c
 
Building target: steper_motor.elf
Invoking: AVR C Linker
avr-gcc -Wl,-Map,steper_motor.map -mmcu=atmega32 -o "steper_motor.elf"  ./DIO_program.o ./main.o ./stepper_program.o   
Finished building target: steper_motor.elf
 
Invoking: AVR Create Extended Listing
avr-objdump -h -S steper_motor.elf  >"steper_motor.lss"
Finished building: steper_motor.lss
 
Create Flash image (ihex format)
avr-objcopy -R .eeprom -R .fuse -R .lock -R .signature -O ihex steper_motor.elf  "steper_motor.hex"
Finished building: steper_motor.hex
 
Invoking: Print Size
avr-size --format=avr --mcu=atmega32 steper_motor.elf
AVR Memory Usage
----------------
Device: atmega32

Program:   11230 bytes (34.3% Full)
(.text + .data + .bootloader)

Data:          8 bytes (0.4% Full)
(.data + .bss + .noinit)


Finished building: sizedummy
 

20:32:46 Build Finished (took 625ms)

