15:43:56 **** Incremental Build of configuration Debug for project switch_on_or_off ****
make all 
Building file: ../main.c
Invoking: AVR Compiler
avr-gcc -Wall -g2 -gstabs -O0 -fpack-struct -fshort-enums -ffunction-sections -fdata-sections -std=gnu99 -funsigned-char -funsigned-bitfields -mmcu=atmega32 -DF_CPU=8000000UL -MMD -MP -MF"main.d" -MT"main.o" -c -o "main.o" "../main.c"
In file included from ../main.c:9:
e:/imt_school/material/after lec 10/es_concepts/imt_sdk_win_64/winavr/lib/gcc/../../avr/include/avr/delay.h:36:2: warning: #warning "This file has been moved to <util/delay.h>."
In file included from e:/imt_school/material/after lec 10/es_concepts/imt_sdk_win_64/winavr/lib/gcc/../../avr/include/avr/delay.h:37,
                 from ../main.c:9:
e:/imt_school/material/after lec 10/es_concepts/imt_sdk_win_64/winavr/lib/gcc/../../avr/include/util/delay.h:90:3: warning: #warning "Compiler optimizations disabled; functions from <util/delay.h> won't work as designed"
../main.c:10: warning: return type of 'main' is not 'int'
Finished building: ../main.c
 
Building target: switch_on_or_off.elf
Invoking: AVR C Linker
avr-gcc -Wl,-Map,switch_on_or_off.map -mmcu=atmega32 -o "switch_on_or_off.elf"  ./main.o   
Finished building target: switch_on_or_off.elf
 
Invoking: AVR Create Extended Listing
avr-objdump -h -S switch_on_or_off.elf  >"switch_on_or_off.lss"
Finished building: switch_on_or_off.lss
 
Create Flash image (ihex format)
avr-objcopy -R .eeprom -R .fuse -R .lock -R .signature -O ihex switch_on_or_off.elf  "switch_on_or_off.hex"
Finished building: switch_on_or_off.hex
 
Invoking: Print Size
avr-size --format=avr --mcu=atmega32 switch_on_or_off.elf
AVR Memory Usage
----------------
Device: atmega32

Program:    3332 bytes (10.2% Full)
(.text + .data + .bootloader)

Data:          8 bytes (0.4% Full)
(.data + .bss + .noinit)


Finished building: sizedummy
 

15:43:57 Build Finished (took 929ms)

