01:01:04 **** Incremental Build of configuration Debug for project trafic_light ****
make all 
Building file: ../main.c
Invoking: AVR Compiler
avr-gcc -Wall -g2 -gstabs -O0 -fpack-struct -fshort-enums -ffunction-sections -fdata-sections -std=gnu99 -funsigned-char -funsigned-bitfields -mmcu=atmega32 -DF_CPU=8000000UL -MMD -MP -MF"main.d" -MT"main.o" -c -o "main.o" "../main.c"
In file included from ../main.c:8:
e:/imt_school/material/after lec 10/es_concepts/imt_sdk_win_64/winavr/lib/gcc/../../avr/include/avr/delay.h:36:2: warning: #warning "This file has been moved to <util/delay.h>."
In file included from e:/imt_school/material/after lec 10/es_concepts/imt_sdk_win_64/winavr/lib/gcc/../../avr/include/avr/delay.h:37,
                 from ../main.c:8:
e:/imt_school/material/after lec 10/es_concepts/imt_sdk_win_64/winavr/lib/gcc/../../avr/include/util/delay.h:90:3: warning: #warning "Compiler optimizations disabled; functions from <util/delay.h> won't work as designed"
../main.c:9: warning: return type of 'main' is not 'int'
../main.c: In function 'main':
../main.c:21: warning: array subscript has type 'char'
Finished building: ../main.c
 
Building target: trafic_light.elf
Invoking: AVR C Linker
avr-gcc -Wl,-Map,trafic_light.map -mmcu=atmega32 -o "trafic_light.elf"  ./main.o   
Finished building target: trafic_light.elf
 
Invoking: AVR Create Extended Listing
avr-objdump -h -S trafic_light.elf  >"trafic_light.lss"
Finished building: trafic_light.lss
 
Create Flash image (ihex format)
avr-objcopy -R .eeprom -R .fuse -R .lock -R .signature -O ihex trafic_light.elf  "trafic_light.hex"
Finished building: trafic_light.hex
 
Invoking: Print Size
avr-size --format=avr --mcu=atmega32 trafic_light.elf
AVR Memory Usage
----------------
Device: atmega32

Program:    3870 bytes (11.8% Full)
(.text + .data + .bootloader)

Data:         12 bytes (0.6% Full)
(.data + .bss + .noinit)


Finished building: sizedummy
 

01:01:05 Build Finished (took 1s.298ms)

