20:18:40 **** Incremental Build of configuration Debug for project uart_driver ****
make all 
Building file: ../main.c
Invoking: AVR Compiler
avr-gcc -Wall -g2 -gstabs -O0 -fpack-struct -fshort-enums -ffunction-sections -fdata-sections -std=gnu99 -funsigned-char -funsigned-bitfields -mmcu=atmega32 -DF_CPU=8000000UL -MMD -MP -MF"main.d" -MT"main.o" -c -o "main.o" "../main.c"
../main.c:12:1: warning: "F_CPU" redefined
<command-line>: warning: this is the location of the previous definition
In file included from ../main.c:13:
e:/imt_school/material/after lec 10/es_concepts/imt_sdk_win_64/winavr/lib/gcc/../../avr/include/avr/delay.h:36:2: warning: #warning "This file has been moved to <util/delay.h>."
In file included from e:/imt_school/material/after lec 10/es_concepts/imt_sdk_win_64/winavr/lib/gcc/../../avr/include/avr/delay.h:37,
                 from ../main.c:13:
e:/imt_school/material/after lec 10/es_concepts/imt_sdk_win_64/winavr/lib/gcc/../../avr/include/util/delay.h:90:3: warning: #warning "Compiler optimizations disabled; functions from <util/delay.h> won't work as designed"
../main.c:27: warning: return type of 'main' is not 'int'
Finished building: ../main.c
 
Building target: uart_driver.elf
Invoking: AVR C Linker
avr-gcc -Wl,-Map,uart_driver.map -mmcu=atmega32 -o "uart_driver.elf"  ./DIO_Program.o ./LCD_Program.o ./main.o ./uart_program.o   
Finished building target: uart_driver.elf
 
Invoking: AVR Create Extended Listing
avr-objdump -h -S uart_driver.elf  >"uart_driver.lss"
Finished building: uart_driver.lss
 
Create Flash image (ihex format)
avr-objcopy -R .eeprom -R .fuse -R .lock -R .signature -O ihex uart_driver.elf  "uart_driver.hex"
Finished building: uart_driver.hex
 
Invoking: Print Size
avr-size --format=avr --mcu=atmega32 uart_driver.elf
AVR Memory Usage
----------------
Device: atmega32

Program:    8816 bytes (26.9% Full)
(.text + .data + .bootloader)

Data:          8 bytes (0.4% Full)
(.data + .bss + .noinit)


Finished building: sizedummy
 

20:18:41 Build Finished (took 797ms)

